<?xml version="1.0" encoding="UTF-8"?>
<!-- Generated by org.testng.reporters.JUnitReportReporter -->
<testsuite skipped="0" hostname="LAPTOP-6ISCMC3P" name="test.VerifyTranscation" tests="1" failures="0" timestamp="2020-10-26T14:10:33 IST" time="67.785" errors="0">
  <testcase name="VerifySuccessfullTranscation" time="67.785" classname="test.VerifyTranscation"/>
</testsuite> <!-- test.VerifyTranscation -->
